# JRE version: OpenJDK Runtime Environment (8.0_292-b10) (build 1.8.0_292-b10)
# Java VM: OpenJDK 64-Bit Server VM (25.292-b10 mixed mode windows-amd64 compressed oops)
Heap:
 PSYoungGen      total 76288K, used 75620K [0x00000000f5580000, 0x00000000ff580000, 0x0000000100000000)
  eden space 73728K, 99% used [0x00000000f5580000,0x00000000f9d39100,0x00000000f9d80000)
  from space 2560K, 85% used [0x00000000f9e00000,0x00000000fa020000,0x00000000fa080000)
  to   space 45056K, 0% used [0x00000000fc980000,0x00000000fc980000,0x00000000ff580000)
 ParOldGen       total 349696K, used 168092K [0x00000000e0000000, 0x00000000f5580000, 0x00000000f5580000)
  object space 349696K, 48% used [0x00000000e0000000,0x00000000ea427128,0x00000000f5580000)
 Metaspace       used 113012K, capacity 119604K, committed 119896K, reserved 1153024K
  class space    used 14767K, capacity 15953K, committed 16000K, reserved 1048576K
GC Heap History (10 events):
Event: 568.471 GC heap before
{Heap before GC invocations=43 (full 4):
 PSYoungGen      total 115200K, used 68040K [0x00000000f5580000, 0x00000000ffc00000, 0x0000000100000000)
  eden space 62976K, 99% used [0x00000000f5580000,0x00000000f92febf8,0x00000000f9300000)
  from space 52224K, 9% used [0x00000000fc900000,0x00000000fcdf3658,0x00000000ffc00000)
  to   space 53760K, 0% used [0x00000000f9300000,0x00000000f9300000,0x00000000fc780000)
 ParOldGen       total 349696K, used 162257K [0x00000000e0000000, 0x00000000f5580000, 0x00000000f5580000)
  object space 349696K, 46% used [0x00000000e0000000,0x00000000e9e74718,0x00000000f5580000)
 Metaspace       used 111733K, capacity 117558K, committed 117592K, reserved 1150976K
  class space    used 14634K, capacity 15724K, committed 15744K, reserved 1048576K
Event: 568.484 GC heap after
Heap after GC invocations=43 (full 4):
 PSYoungGen      total 116736K, used 2208K [0x00000000f5580000, 0x00000000fff80000, 0x0000000100000000)
  eden space 62976K, 0% used [0x00000000f5580000,0x00000000f5580000,0x00000000f9300000)
  from space 53760K, 4% used [0x00000000f9300000,0x00000000f9528000,0x00000000fc780000)
  to   space 52736K, 0% used [0x00000000fcc00000,0x00000000fcc00000,0x00000000fff80000)
 ParOldGen       total 349696K, used 166764K [0x00000000e0000000, 0x00000000f5580000, 0x00000000f5580000)
  object space 349696K, 47% used [0x00000000e0000000,0x00000000ea2db128,0x00000000f5580000)
 Metaspace       used 111733K, capacity 117558K, committed 117592K, reserved 1150976K
  class space    used 14634K, capacity 15724K, committed 15744K, reserved 1048576K
}
Event: 1065.149 GC heap before
{Heap before GC invocations=44 (full 4):
 PSYoungGen      total 116736K, used 65184K [0x00000000f5580000, 0x00000000fff80000, 0x0000000100000000)
  eden space 62976K, 100% used [0x00000000f5580000,0x00000000f9300000,0x00000000f9300000)
  from space 53760K, 4% used [0x00000000f9300000,0x00000000f9528000,0x00000000fc780000)
  to   space 52736K, 0% used [0x00000000fcc00000,0x00000000fcc00000,0x00000000fff80000)
 ParOldGen       total 349696K, used 166764K [0x00000000e0000000, 0x00000000f5580000, 0x00000000f5580000)
  object space 349696K, 47% used [0x00000000e0000000,0x00000000ea2db128,0x00000000f5580000)
 Metaspace       used 111942K, capacity 117788K, committed 117848K, reserved 1150976K
  class space    used 14641K, capacity 15729K, committed 15744K, reserved 1048576K
Event: 1065.162 GC heap after
Heap after GC invocations=44 (full 4):
 PSYoungGen      total 117248K, used 1280K [0x00000000f5580000, 0x00000000ffc00000, 0x0000000100000000)
  eden space 68096K, 0% used [0x00000000f5580000,0x00000000f5580000,0x00000000f9800000)
  from space 49152K, 2% used [0x00000000fcc00000,0x00000000fcd40000,0x00000000ffc00000)
  to   space 51200K, 0% used [0x00000000f9800000,0x00000000f9800000,0x00000000fca00000)
 ParOldGen       total 349696K, used 168092K [0x00000000e0000000, 0x00000000f5580000, 0x00000000f5580000)
  object space 349696K, 48% used [0x00000000e0000000,0x00000000ea427128,0x00000000f5580000)
 Metaspace       used 111942K, capacity 117788K, committed 117848K, reserved 1150976K
  class space    used 14641K, capacity 15729K, committed 15744K, reserved 1048576K
}
Event: 1069.226 GC heap before
{Heap before GC invocations=45 (full 4):
 PSYoungGen      total 117248K, used 69375K [0x00000000f5580000, 0x00000000ffc00000, 0x0000000100000000)
  eden space 68096K, 99% used [0x00000000f5580000,0x00000000f97fff00,0x00000000f9800000)
  from space 49152K, 2% used [0x00000000fcc00000,0x00000000fcd40000,0x00000000ffc00000)
  to   space 51200K, 0% used [0x00000000f9800000,0x00000000f9800000,0x00000000fca00000)
 ParOldGen       total 349696K, used 168092K [0x00000000e0000000, 0x00000000f5580000, 0x00000000f5580000)
  object space 349696K, 48% used [0x00000000e0000000,0x00000000ea427128,0x00000000f5580000)
 Metaspace       used 112424K, capacity 118596K, committed 118744K, reserved 1153024K
  class space    used 14704K, capacity 15841K, committed 15872K, reserved 1048576K
Event: 1069.243 GC heap after
Heap after GC invocations=45 (full 4):
 PSYoungGen      total 119296K, used 6925K [0x00000000f5580000, 0x00000000ffe00000, 0x0000000100000000)
  eden space 68096K, 0% used [0x00000000f5580000,0x00000000f5580000,0x00000000f9800000)
  from space 51200K, 13% used [0x00000000f9800000,0x00000000f9ec3658,0x00000000fca00000)
  to   space 49152K, 0% used [0x00000000fce00000,0x00000000fce00000,0x00000000ffe00000)
 ParOldGen       total 349696K, used 168092K [0x00000000e0000000, 0x00000000f5580000, 0x00000000f5580000)
  object space 349696K, 48% used [0x00000000e0000000,0x00000000ea427128,0x00000000f5580000)
 Metaspace       used 112424K, capacity 118596K, committed 118744K, reserved 1153024K
  class space    used 14704K, capacity 15841K, committed 15872K, reserved 1048576K
}
Event: 1070.642 GC heap before
{Heap before GC invocations=46 (full 4):
 PSYoungGen      total 119296K, used 75021K [0x00000000f5580000, 0x00000000ffe00000, 0x0000000100000000)
  eden space 68096K, 100% used [0x00000000f5580000,0x00000000f9800000,0x00000000f9800000)
  from space 51200K, 13% used [0x00000000f9800000,0x00000000f9ec3658,0x00000000fca00000)
  to   space 49152K, 0% used [0x00000000fce00000,0x00000000fce00000,0x00000000ffe00000)
 ParOldGen       total 349696K, used 168092K [0x00000000e0000000, 0x00000000f5580000, 0x00000000f5580000)
  object space 349696K, 48% used [0x00000000e0000000,0x00000000ea427128,0x00000000f5580000)
 Metaspace       used 112521K, capacity 118816K, committed 119000K, reserved 1153024K
  class space    used 14711K, capacity 15855K, committed 15872K, reserved 1048576K
Event: 1070.658 GC heap after
Heap after GC invocations=46 (full 4):
 PSYoungGen      total 117248K, used 8653K [0x00000000f5580000, 0x00000000ff800000, 0x0000000100000000)
  eden space 74240K, 0% used [0x00000000f5580000,0x00000000f5580000,0x00000000f9e00000)
  from space 43008K, 20% used [0x00000000fce00000,0x00000000fd673658,0x00000000ff800000)
  to   space 46080K, 0% used [0x00000000f9e00000,0x00000000f9e00000,0x00000000fcb00000)
 ParOldGen       total 349696K, used 168092K [0x00000000e0000000, 0x00000000f5580000, 0x00000000f5580000)
  object space 349696K, 48% used [0x00000000e0000000,0x00000000ea427128,0x00000000f5580000)
 Metaspace       used 112521K, capacity 118816K, committed 119000K, reserved 1153024K
  class space    used 14711K, capacity 15855K, committed 15872K, reserved 1048576K
}
Event: 4967.908 GC heap before
{Heap before GC invocations=47 (full 4):
 PSYoungGen      total 117248K, used 82893K [0x00000000f5580000, 0x00000000ff800000, 0x0000000100000000)
  eden space 74240K, 100% used [0x00000000f5580000,0x00000000f9e00000,0x00000000f9e00000)
  from space 43008K, 20% used [0x00000000fce00000,0x00000000fd673658,0x00000000ff800000)
  to   space 46080K, 0% used [0x00000000f9e00000,0x00000000f9e00000,0x00000000fcb00000)
 ParOldGen       total 349696K, used 168092K [0x00000000e0000000, 0x00000000f5580000, 0x00000000f5580000)
  object space 349696K, 48% used [0x00000000e0000000,0x00000000ea427128,0x00000000f5580000)
 Metaspace       used 112663K, capacity 119040K, committed 119384K, reserved 1153024K
  class space    used 14720K, capacity 15871K, committed 16000K, reserved 1048576K
Event: 4968.199 GC heap after
Heap after GC invocations=47 (full 4):
 PSYoungGen      total 76288K, used 2176K [0x00000000f5580000, 0x00000000ff580000, 0x0000000100000000)
  eden space 73728K, 0% used [0x00000000f5580000,0x00000000f5580000,0x00000000f9d80000)
  from space 2560K, 85% used [0x00000000f9e00000,0x00000000fa020000,0x00000000fa080000)
  to   space 45056K, 0% used [0x00000000fc980000,0x00000000fc980000,0x00000000ff580000)
 ParOldGen       total 349696K, used 168092K [0x00000000e0000000, 0x00000000f5580000, 0x00000000f5580000)
  object space 349696K, 48% used [0x00000000e0000000,0x00000000ea427128,0x00000000f5580000)
 Metaspace       used 112663K, capacity 119040K, committed 119384K, reserved 1153024K
  class space    used 14720K, capacity 15871K, committed 16000K, reserved 1048576K
}

